<?xml version="1.0" encoding="UTF-8"?>
<testsuite name="BullsCowsTest" tests="1" skipped="0" failures="1" errors="0" timestamp="2023-05-16T22:33:24" hostname="IKOKSASUS" time="0.668">
  <properties/>
  <testcase name="start" classname="BullsCowsTest" time="0.668">
    <failure message="java.lang.AssertionError: Wrong answer in test #10&#10;&#10;The program continued work after an incorrect input.&#10;&#10;Please find below the output of your program during this failed test.&#10;Note that the '&gt;' character indicates the beginning of the input line.&#10;&#10;---&#10;&#10;Input the length of the secret code:&#10;&gt; abcdefg 1 -6&#10;Error: not a number.&#10;Input the number of possible symbols in the code:" type="java.lang.AssertionError">java.lang.AssertionError: Wrong answer in test #10

The program continued work after an incorrect input.

Please find below the output of your program during this failed test.
Note that the '&gt;' character indicates the beginning of the input line.

---

Input the length of the secret code:
&gt; abcdefg 1 -6
Error: not a number.
Input the number of possible symbols in the code:
	at org.junit.Assert.fail(Assert.java:89)
	at org.hyperskill.hstest.stage.StageTest.start(StageTest.java:203)
	at java.base/jdk.internal.reflect.NativeMethodAccessorImpl.invoke0(Native Method)
	at java.base/jdk.internal.reflect.NativeMethodAccessorImpl.invoke(NativeMethodAccessorImpl.java:77)
	at java.base/jdk.internal.reflect.DelegatingMethodAccessorImpl.invoke(DelegatingMethodAccessorImpl.java:43)
	at java.base/java.lang.reflect.Method.invoke(Method.java:568)
	at org.junit.runners.model.FrameworkMethod$1.runReflectiveCall(FrameworkMethod.java:59)
	at org.junit.internal.runners.model.ReflectiveCallable.run(ReflectiveCallable.java:12)
	at org.junit.runners.model.FrameworkMethod.invokeExplosively(FrameworkMethod.java:56)
	at org.junit.internal.runners.statements.InvokeMethod.evaluate(InvokeMethod.java:17)
	at org.junit.runners.ParentRunner$3.evaluate(ParentRunner.java:306)
	at org.junit.runners.BlockJUnit4ClassRunner$1.evaluate(BlockJUnit4ClassRunner.java:100)
	at org.junit.runners.ParentRunner.runLeaf(ParentRunner.java:366)
	at org.junit.runners.BlockJUnit4ClassRunner.runChild(BlockJUnit4ClassRunner.java:103)
	at org.junit.runners.BlockJUnit4ClassRunner.runChild(BlockJUnit4ClassRunner.java:63)
	at org.junit.runners.ParentRunner$4.run(ParentRunner.java:331)
	at org.junit.runners.ParentRunner$1.schedule(ParentRunner.java:79)
	at org.junit.runners.ParentRunner.runChildren(ParentRunner.java:329)
	at org.junit.runners.ParentRunner.access$100(ParentRunner.java:66)
	at org.junit.runners.ParentRunner$2.evaluate(ParentRunner.java:293)
	at org.junit.runners.ParentRunner$3.evaluate(ParentRunner.java:306)
	at org.junit.runners.ParentRunner.run(ParentRunner.java:413)
	at org.gradle.api.internal.tasks.testing.junit.JUnitTestClassExecutor.runTestClass(JUnitTestClassExecutor.java:110)
	at org.gradle.api.internal.tasks.testing.junit.JUnitTestClassExecutor.execute(JUnitTestClassExecutor.java:58)
	at org.gradle.api.internal.tasks.testing.junit.JUnitTestClassExecutor.execute(JUnitTestClassExecutor.java:38)
	at org.gradle.api.internal.tasks.testing.junit.AbstractJUnitTestClassProcessor.processTestClass(AbstractJUnitTestClassProcessor.java:62)
	at org.gradle.api.internal.tasks.testing.SuiteTestClassProcessor.processTestClass(SuiteTestClassProcessor.java:51)
	at java.base/jdk.internal.reflect.NativeMethodAccessorImpl.invoke0(Native Method)
	at java.base/jdk.internal.reflect.NativeMethodAccessorImpl.invoke(NativeMethodAccessorImpl.java:77)
	at java.base/jdk.internal.reflect.DelegatingMethodAccessorImpl.invoke(DelegatingMethodAccessorImpl.java:43)
	at java.base/java.lang.reflect.Method.invoke(Method.java:568)
	at org.gradle.internal.dispatch.ReflectionDispatch.dispatch(ReflectionDispatch.java:36)
	at org.gradle.internal.dispatch.ReflectionDispatch.dispatch(ReflectionDispatch.java:24)
	at org.gradle.internal.dispatch.ContextClassLoaderDispatch.dispatch(ContextClassLoaderDispatch.java:33)
	at org.gradle.internal.dispatch.ProxyDispatchAdapter$DispatchingInvocationHandler.invoke(ProxyDispatchAdapter.java:94)
	at jdk.proxy1/jdk.proxy1.$Proxy2.processTestClass(Unknown Source)
	at org.gradle.api.internal.tasks.testing.worker.TestWorker$2.run(TestWorker.java:176)
	at org.gradle.api.internal.tasks.testing.worker.TestWorker.executeAndMaintainThreadName(TestWorker.java:129)
	at org.gradle.api.internal.tasks.testing.worker.TestWorker.execute(TestWorker.java:100)
	at org.gradle.api.internal.tasks.testing.worker.TestWorker.execute(TestWorker.java:60)
	at org.gradle.process.internal.worker.child.ActionExecutionWorker.execute(ActionExecutionWorker.java:56)
	at org.gradle.process.internal.worker.child.SystemApplicationClassLoaderWorker.call(SystemApplicationClassLoaderWorker.java:133)
	at org.gradle.process.internal.worker.child.SystemApplicationClassLoaderWorker.call(SystemApplicationClassLoaderWorker.java:71)
	at worker.org.gradle.process.internal.worker.GradleWorkerMain.run(GradleWorkerMain.java:69)
	at worker.org.gradle.process.internal.worker.GradleWorkerMain.main(GradleWorkerMain.java:74)
</failure>
  </testcase>
  <system-out><![CDATA[?[1;31m
Start test 1?[0m
Input the length of the secret code:
> 1
Input the number of possible symbols in the code:
> 10
The secret is prepared: * (0-9).
Okay, let's start a game!
Turn 1:
> 0
Grade: None
Turn 2:
> 1
Grade: 1 bull(s)
Congratulations! You guessed the secret code.
?[1;31m
Start test 2?[0m
Input the length of the secret code:
> 4
Input the number of possible symbols in the code:
> 10
The secret is prepared: **** (0-9).
Okay, let's start a game!
Turn 1:
> 0000
Grade: None
Turn 2:
> 1111
Grade: None
Turn 3:
> 2222
Grade: None
Turn 4:
> 3333
Grade: None
Turn 5:
> 4444
Grade: 1 bull(s) and 3 cow(s)
Turn 6:
> 5555
Grade: None
Turn 7:
> 6666
Grade: 1 bull(s) and 3 cow(s)
Turn 8:
> 7777
Grade: 1 bull(s) and 3 cow(s)
Turn 9:
> 8888
Grade: None
Turn 10:
> 9999
Grade: 1 bull(s) and 3 cow(s)
Turn 11:
> 4679
Grade: 4 cow(s)
Turn 12:
> 6479
Grade: 1 bull(s) and 3 cow(s)
Turn 13:
> 7469
Grade: 2 bull(s) and 2 cow(s)
Turn 14:
> 4769
Grade: 4 cow(s)
Turn 15:
> 6749
Grade: 4 cow(s)
Turn 16:
> 7649
Grade: 1 bull(s) and 3 cow(s)
Turn 17:
> 9647
Grade: 4 cow(s)
Turn 18:
> 6947
Grade: 4 cow(s)
Turn 19:
> 4967
Grade: 4 cow(s)
Turn 20:
> 9467
Grade: 1 bull(s) and 3 cow(s)
Turn 21:
> 6497
Grade: 2 bull(s) and 2 cow(s)
Turn 22:
> 4697
Grade: 1 bull(s) and 3 cow(s)
Turn 23:
> 4796
Grade: 2 bull(s) and 2 cow(s)
Turn 24:
> 7496
Grade: 4 bull(s)
Congratulations! You guessed the secret code.
?[1;31m
Start test 3?[0m
Input the length of the secret code:
> 6
Input the number of possible symbols in the code:
> 10
The secret is prepared: ****** (0-9).
Okay, let's start a game!
Turn 1:
> 000000
Grade: 1 bull(s) and 5 cow(s)
Turn 2:
> 111111
Grade: 1 bull(s) and 5 cow(s)
Turn 3:
> 222222
Grade: None
Turn 4:
> 333333
Grade: 1 bull(s) and 5 cow(s)
Turn 5:
> 444444
Grade: 1 bull(s) and 5 cow(s)
Turn 6:
> 555555
Grade: None
Turn 7:
> 666666
Grade: None
Turn 8:
> 777777
Grade: None
Turn 9:
> 888888
Grade: 1 bull(s) and 5 cow(s)
Turn 10:
> 999999
Grade: 1 bull(s) and 5 cow(s)
Turn 11:
> 013489
Grade: 2 bull(s) and 4 cow(s)
Turn 12:
> 103489
Grade: 1 bull(s) and 5 cow(s)
Turn 13:
> 301489
Grade: 1 bull(s) and 5 cow(s)
Turn 14:
> 031489
Grade: 2 bull(s) and 4 cow(s)
Turn 15:
> 130489
Grade: 1 bull(s) and 5 cow(s)
Turn 16:
> 310489
Grade: 1 bull(s) and 5 cow(s)
Turn 17:
> 410389
Grade: 2 bull(s) and 4 cow(s)
Turn 18:
> 140389
Grade: 2 bull(s) and 4 cow(s)
Turn 19:
> 041389
Grade: 3 bull(s) and 3 cow(s)
Turn 20:
> 401389
Grade: 2 bull(s) and 4 cow(s)
Turn 21:
> 104389
Grade: 3 bull(s) and 3 cow(s)
Turn 22:
> 014389
Grade: 4 bull(s) and 2 cow(s)
Turn 23:
> 034189
Grade: 3 bull(s) and 3 cow(s)
Turn 24:
> 304189
Grade: 2 bull(s) and 4 cow(s)
Turn 25:
> 403189
Grade: 1 bull(s) and 5 cow(s)
Turn 26:
> 043189
Grade: 2 bull(s) and 4 cow(s)
Turn 27:
> 340189
Grade: 1 bull(s) and 5 cow(s)
Turn 28:
> 430189
Grade: 1 bull(s) and 5 cow(s)
Turn 29:
> 431089
Grade: 1 bull(s) and 5 cow(s)
Turn 30:
> 341089
Grade: 1 bull(s) and 5 cow(s)
Turn 31:
> 143089
Grade: 1 bull(s) and 5 cow(s)
Turn 32:
> 413089
Grade: 1 bull(s) and 5 cow(s)
Turn 33:
> 314089
Grade: 2 bull(s) and 4 cow(s)
Turn 34:
> 134089
Grade: 2 bull(s) and 4 cow(s)
Turn 35:
> 834019
Grade: 1 bull(s) and 5 cow(s)
Turn 36:
> 384019
Grade: 1 bull(s) and 5 cow(s)
Turn 37:
> 483019
Grade: 6 cow(s)
Turn 38:
> 843019
Grade: 6 cow(s)
Turn 39:
> 348019
Grade: 6 cow(s)
Turn 40:
> 438019
Grade: 6 cow(s)
Turn 41:
> 038419
Grade: 1 bull(s) and 5 cow(s)
Turn 42:
> 308419
Grade: 6 cow(s)
Turn 43:
> 803419
Grade: 6 cow(s)
Turn 44:
> 083419
Grade: 1 bull(s) and 5 cow(s)
Turn 45:
> 380419
Grade: 6 cow(s)
Turn 46:
> 830419
Grade: 6 cow(s)
Turn 47:
> 840319
Grade: 1 bull(s) and 5 cow(s)
Turn 48:
> 480319
Grade: 1 bull(s) and 5 cow(s)
Turn 49:
> 084319
Grade: 3 bull(s) and 3 cow(s)
Turn 50:
> 804319
Grade: 2 bull(s) and 4 cow(s)
Turn 51:
> 408319
Grade: 1 bull(s) and 5 cow(s)
Turn 52:
> 048319
Grade: 2 bull(s) and 4 cow(s)
Turn 53:
> 043819
Grade: 1 bull(s) and 5 cow(s)
Turn 54:
> 403819
Grade: 6 cow(s)
Turn 55:
> 304819
Grade: 1 bull(s) and 5 cow(s)
Turn 56:
> 034819
Grade: 2 bull(s) and 4 cow(s)
Turn 57:
> 430819
Grade: 6 cow(s)
Turn 58:
> 340819
Grade: 6 cow(s)
Turn 59:
> 140839
Grade: 6 cow(s)
Turn 60:
> 410839
Grade: 6 cow(s)
Turn 61:
> 014839
Grade: 2 bull(s) and 4 cow(s)
Turn 62:
> 104839
Grade: 1 bull(s) and 5 cow(s)
Turn 63:
> 401839
Grade: 6 cow(s)
Turn 64:
> 041839
Grade: 1 bull(s) and 5 cow(s)
Turn 65:
> 841039
Grade: 6 cow(s)
Turn 66:
> 481039
Grade: 6 cow(s)
Turn 67:
> 184039
Grade: 1 bull(s) and 5 cow(s)
Turn 68:
> 814039
Grade: 1 bull(s) and 5 cow(s)
Turn 69:
> 418039
Grade: 6 cow(s)
Turn 70:
> 148039
Grade: 6 cow(s)
Turn 71:
> 108439
Grade: 6 cow(s)
Turn 72:
> 018439
Grade: 1 bull(s) and 5 cow(s)
Turn 73:
> 810439
Grade: 6 cow(s)
Turn 74:
> 180439
Grade: 6 cow(s)
Turn 75:
> 081439
Grade: 1 bull(s) and 5 cow(s)
Turn 76:
> 801439
Grade: 6 cow(s)
Turn 77:
> 804139
Grade: 1 bull(s) and 5 cow(s)
Turn 78:
> 084139
Grade: 2 bull(s) and 4 cow(s)
Turn 79:
> 480139
Grade: 6 cow(s)
Turn 80:
> 840139
Grade: 6 cow(s)
Turn 81:
> 048139
Grade: 1 bull(s) and 5 cow(s)
Turn 82:
> 408139
Grade: 6 cow(s)
Turn 83:
> 308149
Grade: 6 cow(s)
Turn 84:
> 038149
Grade: 1 bull(s) and 5 cow(s)
Turn 85:
> 830149
Grade: 6 cow(s)
Turn 86:
> 380149
Grade: 6 cow(s)
Turn 87:
> 083149
Grade: 1 bull(s) and 5 cow(s)
Turn 88:
> 803149
Grade: 6 cow(s)
Turn 89:
> 103849
Grade: 6 cow(s)
Turn 90:
> 013849
Grade: 1 bull(s) and 5 cow(s)
Turn 91:
> 310849
Grade: 6 cow(s)
Turn 92:
> 130849
Grade: 6 cow(s)
Turn 93:
> 031849
Grade: 1 bull(s) and 5 cow(s)
Turn 94:
> 301849
Grade: 6 cow(s)
Turn 95:
> 381049
Grade: 6 cow(s)
Turn 96:
> 831049
Grade: 6 cow(s)
Turn 97:
> 138049
Grade: 6 cow(s)
Turn 98:
> 318049
Grade: 6 cow(s)
Turn 99:
> 813049
Grade: 6 cow(s)
Turn 100:
> 183049
Grade: 6 cow(s)
Turn 101:
> 180349
Grade: 1 bull(s) and 5 cow(s)
Turn 102:
> 810349
Grade: 1 bull(s) and 5 cow(s)
Turn 103:
> 018349
Grade: 2 bull(s) and 4 cow(s)
Turn 104:
> 108349
Grade: 1 bull(s) and 5 cow(s)
Turn 105:
> 801349
Grade: 1 bull(s) and 5 cow(s)
Turn 106:
> 081349
Grade: 2 bull(s) and 4 cow(s)
Turn 107:
> 481309
Grade: 1 bull(s) and 5 cow(s)
Turn 108:
> 841309
Grade: 1 bull(s) and 5 cow(s)
Turn 109:
> 148309
Grade: 1 bull(s) and 5 cow(s)
Turn 110:
> 418309
Grade: 1 bull(s) and 5 cow(s)
Turn 111:
> 814309
Grade: 2 bull(s) and 4 cow(s)
Turn 112:
> 184309
Grade: 2 bull(s) and 4 cow(s)
Turn 113:
> 384109
Grade: 1 bull(s) and 5 cow(s)
Turn 114:
> 834109
Grade: 1 bull(s) and 5 cow(s)
Turn 115:
> 438109
Grade: 6 cow(s)
Turn 116:
> 348109
Grade: 6 cow(s)
Turn 117:
> 843109
Grade: 6 cow(s)
Turn 118:
> 483109
Grade: 6 cow(s)
Turn 119:
> 413809
Grade: 6 cow(s)
Turn 120:
> 143809
Grade: 6 cow(s)
Turn 121:
> 341809
Grade: 6 cow(s)
Turn 122:
> 431809
Grade: 6 cow(s)
Turn 123:
> 134809
Grade: 1 bull(s) and 5 cow(s)
Turn 124:
> 314809
Grade: 1 bull(s) and 5 cow(s)
Turn 125:
> 318409
Grade: 6 cow(s)
Turn 126:
> 138409
Grade: 6 cow(s)
Turn 127:
> 831409
Grade: 6 cow(s)
Turn 128:
> 381409
Grade: 6 cow(s)
Turn 129:
> 183409
Grade: 6 cow(s)
Turn 130:
> 813409
Grade: 6 cow(s)
Turn 131:
> 913408
Grade: 6 cow(s)
Turn 132:
> 193408
Grade: 1 bull(s) and 5 cow(s)
Turn 133:
> 391408
Grade: 1 bull(s) and 5 cow(s)
Turn 134:
> 931408
Grade: 6 cow(s)
Turn 135:
> 139408
Grade: 6 cow(s)
Turn 136:
> 319408
Grade: 6 cow(s)
Turn 137:
> 419308
Grade: 1 bull(s) and 5 cow(s)
Turn 138:
> 149308
Grade: 1 bull(s) and 5 cow(s)
Turn 139:
> 941308
Grade: 1 bull(s) and 5 cow(s)
Turn 140:
> 491308
Grade: 2 bull(s) and 4 cow(s)
Turn 141:
> 194308
Grade: 3 bull(s) and 3 cow(s)
Turn 142:
> 914308
Grade: 2 bull(s) and 4 cow(s)
Turn 143:
> 934108
Grade: 1 bull(s) and 5 cow(s)
Turn 144:
> 394108
Grade: 2 bull(s) and 4 cow(s)
Turn 145:
> 493108
Grade: 1 bull(s) and 5 cow(s)
Turn 146:
> 943108
Grade: 6 cow(s)
Turn 147:
> 349108
Grade: 6 cow(s)
Turn 148:
> 439108
Grade: 6 cow(s)
Turn 149:
> 431908
Grade: 6 cow(s)
Turn 150:
> 341908
Grade: 6 cow(s)
Turn 151:
> 143908
Grade: 6 cow(s)
Turn 152:
> 413908
Grade: 6 cow(s)
Turn 153:
> 314908
Grade: 1 bull(s) and 5 cow(s)
Turn 154:
> 134908
Grade: 1 bull(s) and 5 cow(s)
Turn 155:
> 034918
Grade: 2 bull(s) and 4 cow(s)
Turn 156:
> 304918
Grade: 1 bull(s) and 5 cow(s)
Turn 157:
> 403918
Grade: 6 cow(s)
Turn 158:
> 043918
Grade: 1 bull(s) and 5 cow(s)
Turn 159:
> 340918
Grade: 6 cow(s)
Turn 160:
> 430918
Grade: 6 cow(s)
Turn 161:
> 930418
Grade: 6 cow(s)
Turn 162:
> 390418
Grade: 1 bull(s) and 5 cow(s)
Turn 163:
> 093418
Grade: 2 bull(s) and 4 cow(s)
Turn 164:
> 903418
Grade: 6 cow(s)
Turn 165:
> 309418
Grade: 6 cow(s)
Turn 166:
> 039418
Grade: 1 bull(s) and 5 cow(s)
Turn 167:
> 049318
Grade: 2 bull(s) and 4 cow(s)
Turn 168:
> 409318
Grade: 1 bull(s) and 5 cow(s)
Turn 169:
> 904318
Grade: 2 bull(s) and 4 cow(s)
Turn 170:
> 094318
Grade: 4 bull(s) and 2 cow(s)
Turn 171:
> 490318
Grade: 2 bull(s) and 4 cow(s)
Turn 172:
> 940318
Grade: 1 bull(s) and 5 cow(s)
Turn 173:
> 943018
Grade: 6 cow(s)
Turn 174:
> 493018
Grade: 1 bull(s) and 5 cow(s)
Turn 175:
> 394018
Grade: 2 bull(s) and 4 cow(s)
Turn 176:
> 934018
Grade: 1 bull(s) and 5 cow(s)
Turn 177:
> 439018
Grade: 6 cow(s)
Turn 178:
> 349018
Grade: 6 cow(s)
Turn 179:
> 149038
Grade: 6 cow(s)
Turn 180:
> 419038
Grade: 6 cow(s)
Turn 181:
> 914038
Grade: 1 bull(s) and 5 cow(s)
Turn 182:
> 194038
Grade: 2 bull(s) and 4 cow(s)
Turn 183:
> 491038
Grade: 1 bull(s) and 5 cow(s)
Turn 184:
> 941038
Grade: 6 cow(s)
Turn 185:
> 041938
Grade: 1 bull(s) and 5 cow(s)
Turn 186:
> 401938
Grade: 6 cow(s)
Turn 187:
> 104938
Grade: 1 bull(s) and 5 cow(s)
Turn 188:
> 014938
Grade: 2 bull(s) and 4 cow(s)
Turn 189:
> 410938
Grade: 6 cow(s)
Turn 190:
> 140938
Grade: 6 cow(s)
Turn 191:
> 190438
Grade: 1 bull(s) and 5 cow(s)
Turn 192:
> 910438
Grade: 6 cow(s)
Turn 193:
> 019438
Grade: 1 bull(s) and 5 cow(s)
Turn 194:
> 109438
Grade: 6 cow(s)
Turn 195:
> 901438
Grade: 6 cow(s)
Turn 196:
> 091438
Grade: 2 bull(s) and 4 cow(s)
Turn 197:
> 094138
Grade: 3 bull(s) and 3 cow(s)
Turn 198:
> 904138
Grade: 1 bull(s) and 5 cow(s)
Turn 199:
> 409138
Grade: 6 cow(s)
Turn 200:
> 049138
Grade: 1 bull(s) and 5 cow(s)
Turn 201:
> 940138
Grade: 6 cow(s)
Turn 202:
> 490138
Grade: 1 bull(s) and 5 cow(s)
Turn 203:
> 390148
Grade: 1 bull(s) and 5 cow(s)
Turn 204:
> 930148
Grade: 6 cow(s)
Turn 205:
> 039148
Grade: 1 bull(s) and 5 cow(s)
Turn 206:
> 309148
Grade: 6 cow(s)
Turn 207:
> 903148
Grade: 6 cow(s)
Turn 208:
> 093148
Grade: 2 bull(s) and 4 cow(s)
Turn 209:
> 193048
Grade: 1 bull(s) and 5 cow(s)
Turn 210:
> 913048
Grade: 6 cow(s)
Turn 211:
> 319048
Grade: 6 cow(s)
Turn 212:
> 139048
Grade: 6 cow(s)
Turn 213:
> 931048
Grade: 6 cow(s)
Turn 214:
> 391048
Grade: 1 bull(s) and 5 cow(s)
Turn 215:
> 301948
Grade: 6 cow(s)
Turn 216:
> 031948
Grade: 1 bull(s) and 5 cow(s)
Turn 217:
> 130948
Grade: 6 cow(s)
Turn 218:
> 310948
Grade: 6 cow(s)
Turn 219:
> 013948
Grade: 1 bull(s) and 5 cow(s)
Turn 220:
> 103948
Grade: 6 cow(s)
Turn 221:
> 109348
Grade: 1 bull(s) and 5 cow(s)
Turn 222:
> 019348
Grade: 2 bull(s) and 4 cow(s)
Turn 223:
> 910348
Grade: 1 bull(s) and 5 cow(s)
Turn 224:
> 190348
Grade: 2 bull(s) and 4 cow(s)
Turn 225:
> 091348
Grade: 3 bull(s) and 3 cow(s)
Turn 226:
> 901348
Grade: 1 bull(s) and 5 cow(s)
Turn 227:
> 401398
Grade: 1 bull(s) and 5 cow(s)
Turn 228:
> 041398
Grade: 2 bull(s) and 4 cow(s)
Turn 229:
> 140398
Grade: 1 bull(s) and 5 cow(s)
Turn 230:
> 410398
Grade: 1 bull(s) and 5 cow(s)
Turn 231:
> 014398
Grade: 3 bull(s) and 3 cow(s)
Turn 232:
> 104398
Grade: 2 bull(s) and 4 cow(s)
Turn 233:
> 304198
Grade: 1 bull(s) and 5 cow(s)
Turn 234:
> 034198
Grade: 2 bull(s) and 4 cow(s)
Turn 235:
> 430198
Grade: 6 cow(s)
Turn 236:
> 340198
Grade: 6 cow(s)
Turn 237:
> 043198
Grade: 1 bull(s) and 5 cow(s)
Turn 238:
> 403198
Grade: 6 cow(s)
Turn 239:
> 413098
Grade: 6 cow(s)
Turn 240:
> 143098
Grade: 6 cow(s)
Turn 241:
> 341098
Grade: 6 cow(s)
Turn 242:
> 431098
Grade: 6 cow(s)
Turn 243:
> 134098
Grade: 1 bull(s) and 5 cow(s)
Turn 244:
> 314098
Grade: 1 bull(s) and 5 cow(s)
Turn 245:
> 310498
Grade: 6 cow(s)
Turn 246:
> 130498
Grade: 6 cow(s)
Turn 247:
> 031498
Grade: 1 bull(s) and 5 cow(s)
Turn 248:
> 301498
Grade: 6 cow(s)
Turn 249:
> 103498
Grade: 6 cow(s)
Turn 250:
> 013498
Grade: 1 bull(s) and 5 cow(s)
Turn 251:
> 083491
Grade: 2 bull(s) and 4 cow(s)
Turn 252:
> 803491
Grade: 1 bull(s) and 5 cow(s)
Turn 253:
> 308491
Grade: 1 bull(s) and 5 cow(s)
Turn 254:
> 038491
Grade: 2 bull(s) and 4 cow(s)
Turn 255:
> 830491
Grade: 1 bull(s) and 5 cow(s)
Turn 256:
> 380491
Grade: 1 bull(s) and 5 cow(s)
Turn 257:
> 480391
Grade: 2 bull(s) and 4 cow(s)
Turn 258:
> 840391
Grade: 2 bull(s) and 4 cow(s)
Turn 259:
> 048391
Grade: 3 bull(s) and 3 cow(s)
Turn 260:
> 408391
Grade: 2 bull(s) and 4 cow(s)
Turn 261:
> 804391
Grade: 3 bull(s) and 3 cow(s)
Turn 262:
> 084391
Grade: 4 bull(s) and 2 cow(s)
Turn 263:
> 034891
Grade: 3 bull(s) and 3 cow(s)
Turn 264:
> 304891
Grade: 2 bull(s) and 4 cow(s)
Turn 265:
> 403891
Grade: 1 bull(s) and 5 cow(s)
Turn 266:
> 043891
Grade: 2 bull(s) and 4 cow(s)
Turn 267:
> 340891
Grade: 1 bull(s) and 5 cow(s)
Turn 268:
> 430891
Grade: 1 bull(s) and 5 cow(s)
Turn 269:
> 438091
Grade: 1 bull(s) and 5 cow(s)
Turn 270:
> 348091
Grade: 1 bull(s) and 5 cow(s)
Turn 271:
> 843091
Grade: 1 bull(s) and 5 cow(s)
Turn 272:
> 483091
Grade: 1 bull(s) and 5 cow(s)
Turn 273:
> 384091
Grade: 2 bull(s) and 4 cow(s)
Turn 274:
> 834091
Grade: 2 bull(s) and 4 cow(s)
Turn 275:
> 934081
Grade: 3 bull(s) and 3 cow(s)
Turn 276:
> 394081
Grade: 4 bull(s) and 2 cow(s)
Turn 277:
> 493081
Grade: 3 bull(s) and 3 cow(s)
Turn 278:
> 943081
Grade: 2 bull(s) and 4 cow(s)
Turn 279:
> 349081
Grade: 2 bull(s) and 4 cow(s)
Turn 280:
> 439081
Grade: 2 bull(s) and 4 cow(s)
Turn 281:
> 039481
Grade: 3 bull(s) and 3 cow(s)
Turn 282:
> 309481
Grade: 2 bull(s) and 4 cow(s)
Turn 283:
> 903481
Grade: 2 bull(s) and 4 cow(s)
Turn 284:
> 093481
Grade: 4 bull(s) and 2 cow(s)
Turn 285:
> 390481
Grade: 3 bull(s) and 3 cow(s)
Turn 286:
> 930481
Grade: 2 bull(s) and 4 cow(s)
Turn 287:
> 940381
Grade: 3 bull(s) and 3 cow(s)
Turn 288:
> 490381
Grade: 4 bull(s) and 2 cow(s)
Turn 289:
> 094381
Grade: 6 bull(s)
Congratulations! You guessed the secret code.
?[1;31m
Start test 4?[0m
Input the length of the secret code:
> 11
Input the number of possible symbols in the code:
> 10
Error: number of symbols should be not less than the length of the code and not more than 36.
?[1;31m
Start test 5?[0m
Input the length of the secret code:
> 4
Input the number of possible symbols in the code:
> 16
The secret is prepared: **** (0-9, a-f).
Okay, let's start a game!
Turn 1:
> 0000
Grade: None
Turn 2:
> 1111
Grade: None
Turn 3:
> 2222
Grade: None
Turn 4:
> 3333
Grade: None
Turn 5:
> 4444
Grade: 1 bull(s) and 3 cow(s)
Turn 6:
> 5555
Grade: 1 bull(s) and 3 cow(s)
Turn 7:
> 6666
Grade: None
Turn 8:
> 7777
Grade: None
Turn 9:
> 8888
Grade: 1 bull(s) and 3 cow(s)
Turn 10:
> 9999
Grade: None
Turn 11:
> aaaa
Grade: None
Turn 12:
> bbbb
Grade: None
Turn 13:
> cccc
Grade: None
Turn 14:
> dddd
Grade: 1 bull(s) and 3 cow(s)
Turn 15:
> 458d
Grade: 4 bull(s)
Congratulations! You guessed the secret code.
?[1;31m
Start test 6?[0m
Input the length of the secret code:
> 6
Input the number of possible symbols in the code:
> 36
The secret is prepared: ****** (0-9, a-z).
Okay, let's start a game!
Turn 1:
> 000000
Grade: None
Turn 2:
> 111111
Grade: None
Turn 3:
> 222222
Grade: None
Turn 4:
> 333333
Grade: None
Turn 5:
> 444444
Grade: None
Turn 6:
> 555555
Grade: None
Turn 7:
> 666666
Grade: None
Turn 8:
> 777777
Grade: None
Turn 9:
> 888888
Grade: 1 bull(s) and 5 cow(s)
Turn 10:
> 999999
Grade: None
Turn 11:
> aaaaaa
Grade: None
Turn 12:
> bbbbbb
Grade: 1 bull(s) and 5 cow(s)
Turn 13:
> cccccc
Grade: None
Turn 14:
> dddddd
Grade: None
Turn 15:
> eeeeee
Grade: 1 bull(s) and 5 cow(s)
Turn 16:
> ffffff
Grade: None
Turn 17:
> gggggg
Grade: None
Turn 18:
> hhhhhh
Grade: 1 bull(s) and 5 cow(s)
Turn 19:
> iiiiii
Grade: None
Turn 20:
> jjjjjj
Grade: None
Turn 21:
> kkkkkk
Grade: None
Turn 22:
> llllll
Grade: None
Turn 23:
> mmmmmm
Grade: None
Turn 24:
> nnnnnn
Grade: None
Turn 25:
> oooooo
Grade: None
Turn 26:
> pppppp
Grade: 1 bull(s) and 5 cow(s)
Turn 27:
> qqqqqq
Grade: None
Turn 28:
> rrrrrr
Grade: 1 bull(s) and 5 cow(s)
Turn 29:
> 8behpr
Grade: 1 bull(s) and 5 cow(s)
Turn 30:
> b8ehpr
Grade: 1 bull(s) and 5 cow(s)
Turn 31:
> e8bhpr
Grade: 2 bull(s) and 4 cow(s)
Turn 32:
> 8ebhpr
Grade: 1 bull(s) and 5 cow(s)
Turn 33:
> be8hpr
Grade: 1 bull(s) and 5 cow(s)
Turn 34:
> eb8hpr
Grade: 2 bull(s) and 4 cow(s)
Turn 35:
> hb8epr
Grade: 1 bull(s) and 5 cow(s)
Turn 36:
> bh8epr
Grade: 2 bull(s) and 4 cow(s)
Turn 37:
> 8hbepr
Grade: 2 bull(s) and 4 cow(s)
Turn 38:
> h8bepr
Grade: 1 bull(s) and 5 cow(s)
Turn 39:
> b8hepr
Grade: 1 bull(s) and 5 cow(s)
Turn 40:
> 8bhepr
Grade: 1 bull(s) and 5 cow(s)
Turn 41:
> 8ehbpr
Grade: 2 bull(s) and 4 cow(s)
Turn 42:
> e8hbpr
Grade: 3 bull(s) and 3 cow(s)
Turn 43:
> h8ebpr
Grade: 2 bull(s) and 4 cow(s)
Turn 44:
> 8hebpr
Grade: 3 bull(s) and 3 cow(s)
Turn 45:
> eh8bpr
Grade: 4 bull(s) and 2 cow(s)
Turn 46:
> he8bpr
Grade: 2 bull(s) and 4 cow(s)
Turn 47:
> heb8pr
Grade: 1 bull(s) and 5 cow(s)
Turn 48:
> ehb8pr
Grade: 3 bull(s) and 3 cow(s)
Turn 49:
> bhe8pr
Grade: 2 bull(s) and 4 cow(s)
Turn 50:
> hbe8pr
Grade: 1 bull(s) and 5 cow(s)
Turn 51:
> ebh8pr
Grade: 2 bull(s) and 4 cow(s)
Turn 52:
> beh8pr
Grade: 1 bull(s) and 5 cow(s)
Turn 53:
> peh8br
Grade: 1 bull(s) and 5 cow(s)
Turn 54:
> eph8br
Grade: 2 bull(s) and 4 cow(s)
Turn 55:
> hpe8br
Grade: 1 bull(s) and 5 cow(s)
Turn 56:
> phe8br
Grade: 2 bull(s) and 4 cow(s)
Turn 57:
> ehp8br
Grade: 4 bull(s) and 2 cow(s)
Turn 58:
> hep8br
Grade: 2 bull(s) and 4 cow(s)
Turn 59:
> 8ephbr
Grade: 2 bull(s) and 4 cow(s)
Turn 60:
> e8phbr
Grade: 3 bull(s) and 3 cow(s)
Turn 61:
> p8ehbr
Grade: 1 bull(s) and 5 cow(s)
Turn 62:
> 8pehbr
Grade: 1 bull(s) and 5 cow(s)
Turn 63:
> ep8hbr
Grade: 2 bull(s) and 4 cow(s)
Turn 64:
> pe8hbr
Grade: 1 bull(s) and 5 cow(s)
Turn 65:
> ph8ebr
Grade: 2 bull(s) and 4 cow(s)
Turn 66:
> hp8ebr
Grade: 1 bull(s) and 5 cow(s)
Turn 67:
> 8phebr
Grade: 1 bull(s) and 5 cow(s)
Turn 68:
> p8hebr
Grade: 1 bull(s) and 5 cow(s)
Turn 69:
> h8pebr
Grade: 2 bull(s) and 4 cow(s)
Turn 70:
> 8hpebr
Grade: 3 bull(s) and 3 cow(s)
Turn 71:
> 8hepbr
Grade: 2 bull(s) and 4 cow(s)
Turn 72:
> h8epbr
Grade: 1 bull(s) and 5 cow(s)
Turn 73:
> e8hpbr
Grade: 2 bull(s) and 4 cow(s)
Turn 74:
> 8ehpbr
Grade: 1 bull(s) and 5 cow(s)
Turn 75:
> he8pbr
Grade: 1 bull(s) and 5 cow(s)
Turn 76:
> eh8pbr
Grade: 3 bull(s) and 3 cow(s)
Turn 77:
> bh8per
Grade: 2 bull(s) and 4 cow(s)
Turn 78:
> hb8per
Grade: 1 bull(s) and 5 cow(s)
Turn 79:
> 8bhper
Grade: 1 bull(s) and 5 cow(s)
Turn 80:
> b8hper
Grade: 1 bull(s) and 5 cow(s)
Turn 81:
> h8bper
Grade: 1 bull(s) and 5 cow(s)
Turn 82:
> 8hbper
Grade: 2 bull(s) and 4 cow(s)
Turn 83:
> phb8er
Grade: 2 bull(s) and 4 cow(s)
Turn 84:
> hpb8er
Grade: 1 bull(s) and 5 cow(s)
Turn 85:
> bph8er
Grade: 1 bull(s) and 5 cow(s)
Turn 86:
> pbh8er
Grade: 1 bull(s) and 5 cow(s)
Turn 87:
> hbp8er
Grade: 2 bull(s) and 4 cow(s)
Turn 88:
> bhp8er
Grade: 3 bull(s) and 3 cow(s)
Turn 89:
> b8pher
Grade: 2 bull(s) and 4 cow(s)
Turn 90:
> 8bpher
Grade: 2 bull(s) and 4 cow(s)
Turn 91:
> pb8her
Grade: 1 bull(s) and 5 cow(s)
Turn 92:
> bp8her
Grade: 1 bull(s) and 5 cow(s)
Turn 93:
> 8pbher
Grade: 1 bull(s) and 5 cow(s)
Turn 94:
> p8bher
Grade: 1 bull(s) and 5 cow(s)
Turn 95:
> p8hber
Grade: 2 bull(s) and 4 cow(s)
Turn 96:
> 8phber
Grade: 2 bull(s) and 4 cow(s)
Turn 97:
> hp8ber
Grade: 2 bull(s) and 4 cow(s)
Turn 98:
> ph8ber
Grade: 3 bull(s) and 3 cow(s)
Turn 99:
> 8hpber
Grade: 4 bull(s) and 2 cow(s)
Turn 100:
> h8pber
Grade: 3 bull(s) and 3 cow(s)
Turn 101:
> e8pbhr
Grade: 4 bull(s) and 2 cow(s)
Turn 102:
> 8epbhr
Grade: 3 bull(s) and 3 cow(s)
Turn 103:
> pe8bhr
Grade: 2 bull(s) and 4 cow(s)
Turn 104:
> ep8bhr
Grade: 3 bull(s) and 3 cow(s)
Turn 105:
> 8pebhr
Grade: 2 bull(s) and 4 cow(s)
Turn 106:
> p8ebhr
Grade: 2 bull(s) and 4 cow(s)
Turn 107:
> b8ephr
Grade: 1 bull(s) and 5 cow(s)
Turn 108:
> 8bephr
Grade: 1 bull(s) and 5 cow(s)
Turn 109:
> eb8phr
Grade: 2 bull(s) and 4 cow(s)
Turn 110:
> be8phr
Grade: 1 bull(s) and 5 cow(s)
Turn 111:
> 8ebphr
Grade: 1 bull(s) and 5 cow(s)
Turn 112:
> e8bphr
Grade: 2 bull(s) and 4 cow(s)
Turn 113:
> epb8hr
Grade: 2 bull(s) and 4 cow(s)
Turn 114:
> peb8hr
Grade: 1 bull(s) and 5 cow(s)
Turn 115:
> bep8hr
Grade: 2 bull(s) and 4 cow(s)
Turn 116:
> ebp8hr
Grade: 3 bull(s) and 3 cow(s)
Turn 117:
> pbe8hr
Grade: 1 bull(s) and 5 cow(s)
Turn 118:
> bpe8hr
Grade: 1 bull(s) and 5 cow(s)
Turn 119:
> bp8ehr
Grade: 1 bull(s) and 5 cow(s)
Turn 120:
> pb8ehr
Grade: 1 bull(s) and 5 cow(s)
Turn 121:
> 8bpehr
Grade: 2 bull(s) and 4 cow(s)
Turn 122:
> b8pehr
Grade: 2 bull(s) and 4 cow(s)
Turn 123:
> p8behr
Grade: 1 bull(s) and 5 cow(s)
Turn 124:
> 8pbehr
Grade: 1 bull(s) and 5 cow(s)
Turn 125:
> hpbe8r
Grade: 2 bull(s) and 4 cow(s)
Turn 126:
> phbe8r
Grade: 3 bull(s) and 3 cow(s)
Turn 127:
> bhpe8r
Grade: 4 bull(s) and 2 cow(s)
Turn 128:
> hbpe8r
Grade: 3 bull(s) and 3 cow(s)
Turn 129:
> pbhe8r
Grade: 2 bull(s) and 4 cow(s)
Turn 130:
> bphe8r
Grade: 2 bull(s) and 4 cow(s)
Turn 131:
> ephb8r
Grade: 4 bull(s) and 2 cow(s)
Turn 132:
> pehb8r
Grade: 3 bull(s) and 3 cow(s)
Turn 133:
> hepb8r
Grade: 4 bull(s) and 2 cow(s)
Turn 134:
> ehpb8r
Grade: 6 bull(s)
Congratulations! You guessed the secret code.
?[1;31m
Start test 7?[0m
Input the length of the secret code:
> 0
Error: can't generate a secret number with a length of 0 because there aren't enough unique digits.
?[1;31m
Start test 8?[0m
Input the length of the secret code:
> 10
Input the number of possible symbols in the code:
> 9
Error: number of symbols should be not less than the length of the code and not more than 36.
?[1;31m
Start test 9?[0m
Input the length of the secret code:
> 9
Input the number of possible symbols in the code:
> 37
Error: number of symbols should be not less than the length of the code and not more than 36.
?[1;31m
Start test 10?[0m
Input the length of the secret code:
> abcdefg 1 -6
Error: not a number.
Input the number of possible symbols in the code:
]]></system-out>
  <system-err><![CDATA[]]></system-err>
</testsuite>
